
> Configure project :app
WARNING: The option setting 'android.defaults.buildfeatures.buildconfig=true' is deprecated.
The current default is 'false'.
It will be removed in version 10.0 of the Android Gradle plugin.
To keep using this feature, add the following to your module-level build.gradle files:
    android.buildFeatures.buildConfig = true
or from Android Studio, click: `Refactor` > `Migrate BuildConfig to Gradle Build Files`.
app: 'annotationProcessor' dependencies won't be recognized as kapt annotation processors. Please change the configuration name to 'kapt' for these artifacts: 'com.github.bumptech.glide:compiler:4.16.0'.
w: The `kotlin.experimental.tryK2` deprecated property is used in your build.
Please, stop using it as it is unsupported and may apply no effect to your build.


> Task :app:checkKotlinGradlePluginConfigurationErrors SKIPPED
> Task :app:preBuild UP-TO-DATE
> Task :app:preDebugBuild UP-TO-DATE
> Task :app:dataBindingMergeDependencyArtifactsDebug UP-TO-DATE
> Task :app:generateDebugResValues UP-TO-DATE
> Task :app:generateDebugResources UP-TO-DATE
> Task :app:injectCrashlyticsMappingFileIdDebug UP-TO-DATE
> Task :app:processDebugGoogleServices UP-TO-DATE
> Task :app:mergeDebugResources UP-TO-DATE
> Task :app:packageDebugResources UP-TO-DATE
> Task :app:parseDebugLocalResources UP-TO-DATE
> Task :app:dataBindingGenBaseClassesDebug UP-TO-DATE
> Task :app:dataBindingTriggerDebug UP-TO-DATE
> Task :app:generateDebugBuildConfig UP-TO-DATE
> Task :app:generateSafeArgsDebug UP-TO-DATE
> Task :app:checkDebugAarMetadata UP-TO-DATE
> Task :app:mapDebugSourceSetPaths UP-TO-DATE
> Task :app:createDebugCompatibleScreenManifests UP-TO-DATE
> Task :app:extractDeepLinksDebug UP-TO-DATE
> Task :app:processDebugMainManifest UP-TO-DATE
> Task :app:processDebugManifest UP-TO-DATE
> Task :app:processDebugManifestForPackage UP-TO-DATE
> Task :app:processDebugResources UP-TO-DATE
> Task :app:kaptGenerateStubsDebugKotlin UP-TO-DATE
> Task :app:kaptDebugKotlin UP-TO-DATE

> Task :app:compileDebugKotlin FAILED
e: file:///Users/3dylson/AndroidStudioProjects/my-share/app/src/main/java/pt/ms/myshare/presentation/ui/MainComposeActivity.kt:58:13 Unresolved reference 'LaunchedEffect'.
e: file:///Users/3dylson/AndroidStudioProjects/my-share/app/src/main/java/pt/ms/myshare/presentation/ui/components/PremiumComponents.kt:10:42 Conflicting import: imported name 'RoundedCornerShape' is ambiguous.
e: file:///Users/3dylson/AndroidStudioProjects/my-share/app/src/main/java/pt/ms/myshare/presentation/ui/components/PremiumComponents.kt:11:42 Conflicting import: imported name 'RoundedCornerShape' is ambiguous.
e: file:///Users/3dylson/AndroidStudioProjects/my-share/app/src/main/java/pt/ms/myshare/presentation/ui/components/PremiumComponents.kt:856:24 Unresolved reference 'StrokeJoin'.
e: file:///Users/3dylson/AndroidStudioProjects/my-share/app/src/main/java/pt/ms/myshare/presentation/ui/home/HomeMoreTab.kt:117:37 Unresolved reference 'RoundedCornerShape'.

[Incubating] Problems report is available at: file:///Users/3dylson/AndroidStudioProjects/my-share/build/reports/problems/problems-report.html

FAILURE: Build failed with an exception.

* What went wrong:
Execution failed for task ':app:compileDebugKotlin'.
> A failure occurred while executing org.jetbrains.kotlin.compilerRunner.GradleCompilerRunnerWithWorkers$GradleKotlinCompilerWorkAction
   > Compilation error. See log for more details

* Try:
> Run with --stacktrace option to get the stack trace.
> Run with --info or --debug option to get more log output.
> Run with --scan to get full insights.
> Get more help at https://help.gradle.org.

Deprecated Gradle features were used in this build, making it incompatible with Gradle 9.0.

You can use '--warning-mode all' to show the individual deprecation warnings and determine if they come from your own scripts or plugins.

For more on this, please refer to https://docs.gradle.org/8.13/userguide/command_line_interface.html#sec:command_line_warnings in the Gradle documentation.

BUILD FAILED in 2s
23 actionable tasks: 1 executed, 22 up-to-date
